{"C:\\Users\\matab\\OneDrive\\Masaüstü\\js\\ders_20\\src\\app.js": {"path":"C:\\Users\\matab\\OneDrive\\Masaüstü\\js\\ders_20\\src\\app.js","statementMap":{"0":{"start":{"line":1,"column":0},"end":{"line":1,"column":26}},"1":{"start":{"line":3,"column":19},"end":{"line":5,"column":1}},"2":{"start":{"line":4,"column":4},"end":{"line":4,"column":26}},"3":{"start":{"line":7,"column":17},"end":{"line":9,"column":1}},"4":{"start":{"line":8,"column":4},"end":{"line":8,"column":24}},"5":{"start":{"line":11,"column":17},"end":{"line":14,"column":1}},"6":{"start":{"line":12,"column":4},"end":{"line":12,"column":19}},"7":{"start":{"line":13,"column":4},"end":{"line":13,"column":17}},"8":{"start":{"line":16,"column":18},"end":{"line":28,"column":3}},"9":{"start":{"line":17,"column":4},"end":{"line":19,"column":5}},"10":{"start":{"line":18,"column":6},"end":{"line":18,"column":60}},"11":{"start":{"line":21,"column":19},"end":{"line":21,"column":25}},"12":{"start":{"line":22,"column":4},"end":{"line":26,"column":5}},"13":{"start":{"line":22,"column":17},"end":{"line":22,"column":18}},"14":{"start":{"line":23,"column":16},"end":{"line":23,"column":29}},"15":{"start":{"line":24,"column":16},"end":{"line":24,"column":29}},"16":{"start":{"line":25,"column":6},"end":{"line":25,"column":25}},"17":{"start":{"line":27,"column":4},"end":{"line":27,"column":27}},"18":{"start":{"line":35,"column":0},"end":{"line":35,"column":62}}},"fnMap":{"0":{"name":"(anonymous_0)","decl":{"start":{"line":3,"column":19},"end":{"line":3,"column":20}},"loc":{"start":{"line":3,"column":27},"end":{"line":5,"column":1}},"line":3},"1":{"name":"(anonymous_1)","decl":{"start":{"line":7,"column":17},"end":{"line":7,"column":18}},"loc":{"start":{"line":7,"column":25},"end":{"line":9,"column":1}},"line":7},"2":{"name":"(anonymous_2)","decl":{"start":{"line":11,"column":17},"end":{"line":11,"column":18}},"loc":{"start":{"line":11,"column":34},"end":{"line":14,"column":1}},"line":11},"3":{"name":"(anonymous_3)","decl":{"start":{"line":16,"column":18},"end":{"line":16,"column":19}},"loc":{"start":{"line":16,"column":31},"end":{"line":28,"column":3}},"line":16}},"branchMap":{"0":{"loc":{"start":{"line":11,"column":24},"end":{"line":11,"column":31}},"type":"default-arg","locations":[{"start":{"line":11,"column":28},"end":{"line":11,"column":31}}],"line":11},"1":{"loc":{"start":{"line":16,"column":19},"end":{"line":16,"column":26}},"type":"default-arg","locations":[{"start":{"line":16,"column":25},"end":{"line":16,"column":26}}],"line":16},"2":{"loc":{"start":{"line":17,"column":4},"end":{"line":19,"column":5}},"type":"if","locations":[{"start":{"line":17,"column":4},"end":{"line":19,"column":5}},{"start":{},"end":{}}],"line":17}},"s":{"0":1,"1":1,"2":1,"3":1,"4":1,"5":1,"6":2,"7":2,"8":1,"9":4,"10":1,"11":3,"12":3,"13":3,"14":8,"15":8,"16":8,"17":3,"18":1},"f":{"0":1,"1":1,"2":2,"3":4},"b":{"0":[1],"1":[1],"2":[1,3]},"_coverageSchema":"1a1c01bbd47fc00a2c39e90264f33305004495a9","hash":"26e38f27da0c4c7a503ec9536f6df008311e7151"}
}
